BUILD: Computing Include file dependencies:
BUILD: Examining c:\users\rdherric\documents\rdh2\projects\drivers\trunk\rdh2.lego.driver directory for files to compile.
oacr invalidate root:x86chk /autocleanqueue
1>Building generated files in c:\users\rdherric\documents\rdh2\projects\drivers\trunk\rdh2.lego.driver *************
1>'nmake.exe /nologo BUILDMSG=Stop. -i BUILD_PASS=PASS0 NOLINK=1 PASS0ONLY=1 MAKEDIR_RELATIVE_TO_BASEDIR='
1>BUILDMSG: _NT_TARGET_VERSION SET TO WINXP
1> midl  /Zp8  /IC:\WinDDK\7600.16385.1\inc\atl71 /Ic:\users\rdherric\documents\rdh2\projects\drivers\trunk\rdh2.lego.driver\objchk_wxp_x86\i386 /IC:\WinDDK\7600.16385.1\inc\api /IC:\WinDDK\7600.16385.1\inc\api /IC:\WinDDK\7600.16385.1\inc\wdf\umdf\1.9 /IC:\WinDDK\7600.16385.1\inc\crt  /char unsigned  /ms_ext  /c_ext  /proxy c:\users\rdherric\documents\rdh2\projects\drivers\trunk\rdh2.lego.driver\objchk_wxp_x86\i386\rdh2usbdriver_p.c  /dlldata c:\users\rdherric\documents\rdh2\projects\drivers\trunk\rdh2.lego.driver\objchk_wxp_x86\i386\dlldata.c  /iid c:\users\rdherric\documents\rdh2\projects\drivers\trunk\rdh2.lego.driver\objchk_wxp_x86\i386\rdh2usbdriver_i.c  /tlb c:\users\rdherric\documents\rdh2\projects\drivers\trunk\rdh2.lego.driver\objchk_wxp_x86\i386\rdh2usbdriver.tlb  /header c:\users\rdherric\documents\rdh2\projects\drivers\trunk\rdh2.lego.driver\objchk_wxp_x86\i386\rdh2usbdriver.h  /cpp_cmd C:\WinDDK\7600.16385.1\Bin\x86\oacr\oacrcl    /D_UNICODE /DUNICODE /DDEPRECATE_DDK_FUNCTIONS=1 /DMSC_NOOPT /DNTDDI_VERSION=0x06010000 /DPSAPI_VERSION=1  /Di386 /D_X86_ /D_WCHAR_T_DEFINED /no_stamp /nologo    -sal /win32 -target NT60  rdh2usbdriver.idl
1>Processing .\rdh2usbdriver.idl
1>rdh2usbdriver.idl
1>Processing C:\WinDDK\7600.16385.1\inc\wdf\umdf\1.9\wudfddi.idl
1>wudfddi.idl
1>Processing C:\WinDDK\7600.16385.1\inc\api\oaidl.idl
1>oaidl.idl
1>Processing C:\WinDDK\7600.16385.1\inc\api\objidl.idl
1>objidl.idl
1>Processing C:\WinDDK\7600.16385.1\inc\api\unknwn.idl
1>unknwn.idl
1>Processing C:\WinDDK\7600.16385.1\inc\api\wtypes.idl
1>wtypes.idl
1>Processing C:\WinDDK\7600.16385.1\inc\api\basetsd.h
1>basetsd.h
1>Processing C:\WinDDK\7600.16385.1\inc\api\guiddef.h
1>guiddef.h
1>Processing C:\WinDDK\7600.16385.1\inc\api\ocidl.idl
1>ocidl.idl
1>Processing C:\WinDDK\7600.16385.1\inc\api\oleidl.idl
1>oleidl.idl
1>Processing C:\WinDDK\7600.16385.1\inc\api\servprov.idl
1>servprov.idl
1>Processing C:\WinDDK\7600.16385.1\inc\api\urlmon.idl
1>urlmon.idl
1>Processing C:\WinDDK\7600.16385.1\inc\api\msxml.idl
1>msxml.idl
1>Processing C:\WinDDK\7600.16385.1\inc\wdf\umdf\1.9\wudfddi_types.h
1>wudfddi_types.h
BUILD: Examining c:\users\rdherric\documents\rdh2\projects\drivers\trunk\rdh2.lego.driver directory for files to compile. (2nd Pass)
1>Compiling c:\users\rdherric\documents\rdh2\projects\drivers\trunk\rdh2.lego.driver *************
1>'nmake.exe /nologo BUILDMSG=Stop. -i BUILD_PASS=PASS1 NOLINK=1 NOPASS0=1 MAKEDIR_RELATIVE_TO_BASEDIR='
1>BUILDMSG: _NT_TARGET_VERSION SET TO WINXP
1> C:\WinDDK\7600.16385.1\Bin\x86\oacr\oacrcl @c:\users\rdherric\documents\rdh2\projects\drivers\trunk\rdh2.lego.driver\objchk_wxp_x86\i386\cl.rsp
1>Microsoft (R) 32-bit C/C++ Optimizing Compiler Version 15.00.30729.207 for 80x86
1>Copyright (C) Microsoft Corporation.  All rights reserved.
1>cl /Fo"c:\users\rdherric\documents\rdh2\projects\drivers\trunk\rdh2.lego.driver\objchk_wxp_x86\i386/"
1> /FC
1> /Ii386
1> /I.
1> /IC:\WinDDK\7600.16385.1\inc\atl71
1> /Ic:\users\rdherric\documents\rdh2\projects\drivers\trunk\rdh2.lego.driver\objchk_wxp_x86\i386
1> /IC:\WinDDK\7600.16385.1\inc\api
1> /IC:\WinDDK\7600.16385.1\inc\api
1> /IC:\WinDDK\7600.16385.1\inc\wdf\umdf\1.9
1> /IC:\WinDDK\7600.16385.1\inc\crt
1> /D_X86_=1
1> /Di386=1
1> /DSTD_CALL
1> /DCONDITION_HANDLING=1
1> /DNT_UP=1
1> /DNT_INST=0
1> /DWIN32=100
1> /D_NT1X_=100
1> /DWINNT=1
1> /D_WIN32_WINNT=0x0601
1> /DWINVER=0x0601
1> /D_WIN32_IE=0x0603
1> /DWIN32_LEAN_AND_MEAN=1
1> /DDEVL=1
1> /DDBG=1
1> /D__BUILDMACHINE__=WinDDK
1> /DFPO=0
1> /D_DLL=1
1> /D_MT=1
1> /D_UNICODE
1> /DUNICODE
1> /DDEPRECATE_DDK_FUNCTIONS=1
1> /DMSC_NOOPT
1> /DNTDDI_VERSION=0x06010000
1> /DPSAPI_VERSION=1
1> /D_ATL_STATIC_REGISTRY
1> /c
1> /Zc:wchar_t-
1> /Zl
1> /Zp8
1> /Gy
1> /Gm-
1> /W4
1> /WX
1> /wd4201
1> /Gz
1> /hotpatch
1> /EHs-c-
1> /GR-
1> /GF
1> /GS
1> /Zi
1> /Od
1> /Oi
1> /Oy-
1> /Zi
1> /Fdc:\users\rdherric\documents\rdh2\projects\drivers\trunk\rdh2.lego.driver\objchk_wxp_x86\i386\
1> /DKMDF_MAJOR_VERSION_STRING=01
1> /DKMDF_MINOR_VERSION_STRING=009
1> /wd4603
1> /wd4627
1> /typedil-
1> /FIC:\WinDDK\7600.16385.1\inc\api\warning.h
1> .\dllmain.cpp .\stdafx.cpp .\rdh2.usb.driver.cpp .\driver.cpp .\device.cpp 
1>dllmain.cpp
1>stdafx.cpp
1>rdh2.usb.driver.cpp
1>driver.cpp
1>device.cpp
1>Generating Code...
1> C:\WinDDK\7600.16385.1\Bin\x86\oacr\oacrlink /lib /out:c:\users\rdherric\documents\rdh2\projects\drivers\trunk\rdh2.lego.driver\objchk_wxp_x86\i386\RDH2.USB.Driver.lib @c:\users\rdherric\documents\rdh2\projects\drivers\trunk\rdh2.lego.driver\objchk_wxp_x86\i386\lib.rsp
1>Microsoft (R) Library Manager Version 9.00.30729.207
1>Copyright (C) Microsoft Corporation.  All rights reserved.
1>/IGNORE:4198,4010,4037,4039,4065,4070,4078,4087,4089,4221 
1>/WX 
1>/nodefaultlib 
1>/machine:ix86 
1>/def:RDH2.USB.Driver.def 
1>c:\users\rdherric\documents\rdh2\projects\drivers\trunk\rdh2.lego.driver\objchk_wxp_x86\i386\dllmain.obj 
1>c:\users\rdherric\documents\rdh2\projects\drivers\trunk\rdh2.lego.driver\objchk_wxp_x86\i386\stdafx.obj 
1>c:\users\rdherric\documents\rdh2\projects\drivers\trunk\rdh2.lego.driver\objchk_wxp_x86\i386\rdh2.usb.driver.obj 
1>c:\users\rdherric\documents\rdh2\projects\drivers\trunk\rdh2.lego.driver\objchk_wxp_x86\i386\driver.obj 
1>c:\users\rdherric\documents\rdh2\projects\drivers\trunk\rdh2.lego.driver\objchk_wxp_x86\i386\device.obj 
1> Creating library c:\users\rdherric\documents\rdh2\projects\drivers\trunk\rdh2.lego.driver\objchk_wxp_x86\i386\RDH2.USB.Driver.lib and object c:\users\rdherric\documents\rdh2\projects\drivers\trunk\rdh2.lego.driver\objchk_wxp_x86\i386\RDH2.USB.Driver.exp
1> copy RDH2USB.inx c:\users\rdherric\documents\rdh2\projects\drivers\trunk\rdh2.lego.driver\objchk_wxp_x86\i386\RDH2USB.inf
1> 1 file(s) copied.
1> stampinf -f c:\users\rdherric\documents\rdh2\projects\drivers\trunk\rdh2.lego.driver\objchk_wxp_x86\i386\RDH2USB.inf -a x86 -k . -u 1.9.0
1>Using version information from C:\WinDDK\7600.16385.1\inc\api\ntverp.h
1>Error parsing KMDF version string - .
1>Linking for c:\users\rdherric\documents\rdh2\projects\drivers\trunk\rdh2.lego.driver *************
1>'nmake.exe /nologo BUILDMSG=Stop. -i BUILD_PASS=PASS2 LINKONLY=1 NOPASS0=1 MAKEDLL=1 MAKEDIR_RELATIVE_TO_BASEDIR='
1>BUILDMSG: _NT_TARGET_VERSION SET TO WINXP
1> rc.exe -l 409 -DSXS_PROCESSOR_ARCHITECTURE="""x86"""  -DSXS_TARGET="""RDH2.USB.Driver.dll"""   -DSYSTEM_COMPATIBLE_ASSEMBLY_NAME="""Microsoft.Windows.SystemCompatible"""  -DLSYSTEM_COMPATIBLE_ASSEMBLY_NAME=L"""Microsoft.Windows.SystemCompatible"""   -DSXS_ASSEMBLY_VERSION=""""""  /r /fo c:\users\rdherric\documents\rdh2\projects\drivers\trunk\rdh2.lego.driver\objchk_wxp_x86\i386\rdh2.usb.driver.res /D_X86_=1 /Di386=1  /DSTD_CALL /DCONDITION_HANDLING=1 /DNT_UP=1  /DNT_INST=0 /DWIN32=100 /D_NT1X_=100 /DWINNT=1 /D_WIN32_WINNT=0x0601 /DWINVER=0x0601 /D_WIN32_IE=0x0603    /DWIN32_LEAN_AND_MEAN=1  /DDEVL=1 /DDBG=1 /D__BUILDMACHINE__=WinDDK /DFPO=0   /D_DLL=1 /D_MT=1   /D_UNICODE /DUNICODE /DDEPRECATE_DDK_FUNCTIONS=1 /DMSC_NOOPT /DNTDDI_VERSION=0x06010000 /DPSAPI_VERSION=1   /D_ATL_STATIC_REGISTRY /IC:\WinDDK\7600.16385.1\inc\atl71 /Ic:\users\rdherric\documents\rdh2\projects\drivers\trunk\rdh2.lego.driver\objchk_wxp_x86\i386 /IC:\WinDDK\7600.16385.1\inc\api /IC:\WinDDK\7600.16385.1\inc\api /IC:\WinDDK\7600.16385.1\inc\wdf\umdf\1.9 /IC:\WinDDK\7600.16385.1\inc\crt .\rdh2.usb.driver.rc
1>Microsoft (R) Windows (R) Resource Compiler Version 6.1.6908.0
1>Copyright (C) Microsoft Corporation.  All rights reserved.
1> C:\WinDDK\7600.16385.1\Bin\x86\oacr\oacrlink /out:c:\users\rdherric\documents\rdh2\projects\drivers\trunk\rdh2.lego.driver\objchk_wxp_x86\i386\RDH2.USB.Driver.dll /machine:ix86 @c:\users\rdherric\documents\rdh2\projects\drivers\trunk\rdh2.lego.driver\objchk_wxp_x86\i386\lnk.rsp
1>Microsoft (R) Incremental Linker Version 9.00.30729.207
1>Copyright (C) Microsoft Corporation.  All rights reserved.
1>/MERGE:_PAGE=PAGE 
1>/MERGE:_TEXT=.text 
1>/SECTION:INIT,d 
1>/OPT:REF 
1>/OPT:ICF 
1>/IGNORE:4198,4010,4037,4039,4065,4070,4078,4087,4089,4221 
1>/INCREMENTAL:NO 
1>/release 
1>/NODEFAULTLIB 
1>/WX 
1>/debug 
1>/debugtype:cv,fixup,pdata 
1>/version:6.1 
1>/osversion:6.1 
1>/functionpadmin:5 
1>/safeseh 
1>/nxcompat 
1>/merge:.rdata=.text 
1>/pdbcompress 
1>/dynamicbase 
1>/STACK:0x40000,0x1000 
1>/dll 
1>/base:@C:\WinDDK\7600.16385.1\bin\coffbase.txt,RDH2.USB.Driver 
1>/subsystem:console,5.01 
1>/entry:_DllMainCRTStartup@12 
1>c:\users\rdherric\documents\rdh2\projects\drivers\trunk\rdh2.lego.driver\objchk_wxp_x86\i386\RDH2.USB.Driver.exp 
1>c:\users\rdherric\documents\rdh2\projects\drivers\trunk\rdh2.lego.driver\objchk_wxp_x86\i386\rdh2.usb.driver.res 
1>c:\users\rdherric\documents\rdh2\projects\drivers\trunk\rdh2.lego.driver\objchk_wxp_x86\i386\dllmain.obj 
1>c:\users\rdherric\documents\rdh2\projects\drivers\trunk\rdh2.lego.driver\objchk_wxp_x86\i386\stdafx.obj 
1>c:\users\rdherric\documents\rdh2\projects\drivers\trunk\rdh2.lego.driver\objchk_wxp_x86\i386\rdh2.usb.driver.obj 
1>c:\users\rdherric\documents\rdh2\projects\drivers\trunk\rdh2.lego.driver\objchk_wxp_x86\i386\driver.obj 
1>c:\users\rdherric\documents\rdh2\projects\drivers\trunk\rdh2.lego.driver\objchk_wxp_x86\i386\device.obj 
1>c:\winddk\7600.16385.1\lib\wxp\i386\msvcrt_winxp.obj 
1>C:\WinDDK\7600.16385.1\lib\atl\i386\atls.lib 
1>C:\WinDDK\7600.16385.1\lib\atl\i386\atlthunk.lib 
1>C:\WinDDK\7600.16385.1\lib\crt\i386\msvcrt.lib 
1>c:\winddk\7600.16385.1\lib\wxp\i386\kernel32.lib 
1>c:\winddk\7600.16385.1\lib\wxp\i386\ole32.lib 
1>c:\winddk\7600.16385.1\lib\wxp\i386\oleaut32.lib 
1>c:\winddk\7600.16385.1\lib\wxp\i386\uuid.lib 
1>c:\winddk\7600.16385.1\lib\wxp\i386\user32.lib 
1>c:\winddk\7600.16385.1\lib\wxp\i386\advapi32.lib 
1>c:\winddk\7600.16385.1\lib\wxp\i386\shlwapi.lib 
1>c:\winddk\7600.16385.1\lib\wxp\i386\sehupd.lib 
